


          SolidWorks Corporation - STEP Processor Error Log
          ______________________________________________________

                       STEP Post Processor
                       ___________________


STEP File Name: V:\Projects\lightfield\solidworks\rpi 2\raspPiB_plus_3d_step_V11.step



Error: Entity type not supported.
STEP-in did not complete successfully.

Error: Entity type not supported.
STEP-in did not complete successfully.

Error: Entity type not supported.
STEP-in did not complete successfully.

Error: Entity type not supported.
STEP-in did not complete successfully.

Error: Entity type not supported.
STEP-in did not complete successfully.

Error: Entity type not supported.
STEP-in did not complete successfully.

Error: Entity type not supported.
STEP-in did not complete successfully.

Error: Entity type not supported.
STEP-in did not complete successfully.

Error: Entity type not supported.
STEP-in did not complete successfully.
Surfaces successfully processed into a solid body.
STEP-in completed.Surfaces successfully processed into a solid body.
STEP-in completed.Surfaces successfully processed into a solid body.
STEP-in completed.Surfaces successfully processed into a solid body.
STEP-in completed.Surfaces successfully processed into a solid body.
STEP-in completed.Surfaces successfully processed into a solid body.
STEP-in completed.Surfaces successfully processed into a solid body.
STEP-in completed.Surfaces successfully processed into a solid body.
STEP-in completed.Surfaces successfully processed into a solid body.
STEP-in completed.Surfaces successfully processed into a solid body.
STEP-in completed.Surfaces successfully processed into a solid body.
STEP-in completed.
Error: Unable to create solid from trimmed surfaces.
STEP-in did not complete successfully.
Surfaces successfully processed into a solid body.
STEP-in completed.Surfaces successfully processed into a solid body.
STEP-in completed.Surfaces successfully processed into a solid body.
STEP-in completed.Surfaces successfully processed into a solid body.
STEP-in completed.Surfaces successfully processed into a solid body.
STEP-in completed.Surfaces successfully processed into a solid body.
STEP-in completed.Surfaces successfully processed into a solid body.
STEP-in completed.Surfaces successfully processed into a solid body.
STEP-in completed.Surfaces successfully processed into a solid body.
STEP-in completed.Surfaces successfully processed into a solid body.
STEP-in completed.Surfaces successfully processed into a solid body.
STEP-in completed.Surfaces successfully processed into a solid body.
STEP-in completed.Surfaces successfully processed into a solid body.
STEP-in completed.Surfaces successfully processed into a solid body.
STEP-in completed.Surfaces successfully processed into a solid body.
STEP-in completed.Surfaces successfully processed into a solid body.
STEP-in completed.Surfaces successfully processed into a solid body.
STEP-in completed.Surfaces successfully processed into a solid body.
STEP-in completed.Surfaces successfully processed into a solid body.
STEP-in completed.Surfaces successfully processed into a solid body.
STEP-in completed.Surfaces successfully processed into a solid body.
STEP-in completed.Surfaces successfully processed into a solid body.
STEP-in completed.Surfaces successfully processed into a solid body.
STEP-in completed.